[ 2016-09-20T09:37:44+08:00 ] 127.0.0.1 /tp/admin/index
INFO: [ app_begin ] --START--
INFO: Run Behavior\ReadHtmlCache [ RunTime:0.001259s ]
INFO: [ app_begin ] --END-- [ RunTime:0.002400s ]
INFO: [ view_parse ] --START--
INFO: [ template_filter ] --START--
INFO: Run Behavior\ContentReplace [ RunTime:0.000074s ]
INFO: [ template_filter ] --END-- [ RunTime:0.000153s ]
INFO: Run Behavior\ParseTemplate [ RunTime:0.048582s ]
INFO: [ view_parse ] --END-- [ RunTime:0.048680s ]
INFO: [ view_filter ] --START--
INFO: Run Behavior\WriteHtmlCache [ RunTime:0.032967s ]
INFO: [ view_filter ] --END-- [ RunTime:0.033040s ]
INFO: [ app_end ] --START--
INFO: Run Behavior\ShowPageTrace [ RunTime:0.001339s ]
INFO: [ app_end ] --END-- [ RunTime:0.001438s ]

[ 2016-09-20T09:37:44+08:00 ] 127.0.0.1 /tp/admin/index_v148b2.html?v=4.0
INFO: [ app_begin ] --START--
INFO: Run Behavior\ReadHtmlCache [ RunTime:0.000992s ]
INFO: [ app_begin ] --END-- [ RunTime:0.001616s ]
ERR: 无法加载控制器:Index_v148b2

[ 2016-09-20T09:37:46+08:00 ] 127.0.0.1 /tp/index.php/Admin/Index/introduce.html
INFO: [ app_begin ] --START--
INFO: Run Behavior\ReadHtmlCache [ RunTime:0.000590s ]
INFO: [ app_begin ] --END-- [ RunTime:0.001174s ]
INFO: [ view_parse ] --START--
INFO: [ template_filter ] --START--
INFO: Run Behavior\ContentReplace [ RunTime:0.000099s ]
INFO: [ template_filter ] --END-- [ RunTime:0.000168s ]
NOTIC: [8] Undefined variable: v D:\gongju\phpStudy\WWW\tp\Frank\Runtime\Cache\Admin\fa415f3c5f3d2a5fe1bb8424727081f9.php 第 80 行.
NOTIC: [8] Undefined variable: v D:\gongju\phpStudy\WWW\tp\Frank\Runtime\Cache\Admin\fa415f3c5f3d2a5fe1bb8424727081f9.php 第 80 行.
NOTIC: [8] Undefined variable: v D:\gongju\phpStudy\WWW\tp\Frank\Runtime\Cache\Admin\fa415f3c5f3d2a5fe1bb8424727081f9.php 第 81 行.
NOTIC: [8] Undefined variable: v D:\gongju\phpStudy\WWW\tp\Frank\Runtime\Cache\Admin\fa415f3c5f3d2a5fe1bb8424727081f9.php 第 81 行.
NOTIC: [8] Undefined variable: obj D:\gongju\phpStudy\WWW\tp\Frank\Runtime\Cache\Admin\fa415f3c5f3d2a5fe1bb8424727081f9.php 第 138 行.
NOTIC: [8] Undefined variable: times D:\gongju\phpStudy\WWW\tp\Frank\Runtime\Cache\Admin\fa415f3c5f3d2a5fe1bb8424727081f9.php 第 401 行.
INFO: Run Behavior\ParseTemplate [ RunTime:0.008434s ]
INFO: [ view_parse ] --END-- [ RunTime:0.008509s ]
INFO: [ view_filter ] --START--
INFO: Run Behavior\WriteHtmlCache [ RunTime:0.002328s ]
INFO: [ view_filter ] --END-- [ RunTime:0.002594s ]
INFO: [ app_end ] --START--
INFO: Run Behavior\ShowPageTrace [ RunTime:0.000999s ]
INFO: [ app_end ] --END-- [ RunTime:0.001124s ]

[ 2016-09-20T09:37:46+08:00 ] 127.0.0.1 /tp/index.php/Admin/Index/%7Becho%20tplgetimg($obj.thumb_image)%7D
NOTIC: [2] preg_replace() [<a href='function.preg-replace'>function.preg-replace</a>]: Compilation failed: unmatched parentheses at offset 13 D:\gongju\phpStudy\WWW\tp\ThinkPHP\Library\Think\Dispatcher.class.php 第 128 行.
INFO: [ app_begin ] --START--
INFO: Run Behavior\ReadHtmlCache [ RunTime:0.001467s ]
INFO: [ app_begin ] --END-- [ RunTime:0.001650s ]
ERR: 非法操作:{echo tplgetimg($obj.thumb_image)}

[ 2016-09-20T09:41:25+08:00 ] 127.0.0.1 /tp/index.php/Admin/Index/index_v1.html
INFO: [ app_begin ] --START--
INFO: Run Behavior\ReadHtmlCache [ RunTime:0.000931s ]
INFO: [ app_begin ] --END-- [ RunTime:0.001689s ]
INFO: [ view_parse ] --START--
INFO: [ template_filter ] --START--
INFO: Run Behavior\ContentReplace [ RunTime:0.000104s ]
INFO: [ template_filter ] --END-- [ RunTime:0.000206s ]
NOTIC: [8] Undefined variable: data D:\gongju\phpStudy\WWW\tp\Frank\Runtime\Cache\Admin\7b961efd2e62831c0f21f2542fa72594.php 第 31 行.
NOTIC: [8] Undefined variable: gid D:\gongju\phpStudy\WWW\tp\Frank\Runtime\Cache\Admin\7b961efd2e62831c0f21f2542fa72594.php 第 56 行.
INFO: Run Behavior\ParseTemplate [ RunTime:0.057900s ]
INFO: [ view_parse ] --END-- [ RunTime:0.058038s ]
INFO: [ view_filter ] --START--
INFO: Run Behavior\WriteHtmlCache [ RunTime:0.000783s ]
INFO: [ view_filter ] --END-- [ RunTime:0.000877s ]
INFO: [ app_end ] --START--
INFO: Run Behavior\ShowPageTrace [ RunTime:0.001211s ]
INFO: [ app_end ] --END-- [ RunTime:0.001344s ]

